{"/home/skunian/code/ga/projects/campaign-manager/backend/models/campaign.js": {"path":"/home/skunian/code/ga/projects/campaign-manager/backend/models/campaign.js","statementMap":{"0":{"start":{"line":2,"column":17},"end":{"line":2,"column":36}},"1":{"start":{"line":3,"column":15},"end":{"line":3,"column":30}},"2":{"start":{"line":5,"column":24},"end":{"line":12,"column":2}},"3":{"start":{"line":14,"column":21},"end":{"line":17,"column":2}},"4":{"start":{"line":19,"column":20},"end":{"line":23,"column":2}},"5":{"start":{"line":25,"column":23},"end":{"line":30,"column":2}},"6":{"start":{"line":32,"column":0},"end":{"line":32,"column":60}}},"fnMap":{},"branchMap":{},"s":{"0":2,"1":2,"2":2,"3":2,"4":2,"5":2,"6":2},"f":{},"b":{},"_coverageSchema":"1a1c01bbd47fc00a2c39e90264f33305004495a9","hash":"a5c3e0c0ecb77b5439f297ea07cf27d207109c38"}
,"/home/skunian/code/ga/projects/campaign-manager/backend/routes/routes.js": {"path":"/home/skunian/code/ga/projects/campaign-manager/backend/routes/routes.js","statementMap":{"0":{"start":{"line":2,"column":16},"end":{"line":2,"column":34}},"1":{"start":{"line":3,"column":15},"end":{"line":3,"column":31}},"2":{"start":{"line":4,"column":17},"end":{"line":4,"column":49}},"3":{"start":{"line":9,"column":0},"end":{"line":16,"column":3}},"4":{"start":{"line":10,"column":4},"end":{"line":15,"column":5}},"5":{"start":{"line":11,"column":26},"end":{"line":11,"column":66}},"6":{"start":{"line":12,"column":8},"end":{"line":12,"column":28}},"7":{"start":{"line":14,"column":8},"end":{"line":14,"column":69}},"8":{"start":{"line":21,"column":0},"end":{"line":35,"column":3}},"9":{"start":{"line":22,"column":46},"end":{"line":22,"column":54}},"10":{"start":{"line":24,"column":4},"end":{"line":26,"column":5}},"11":{"start":{"line":25,"column":8},"end":{"line":25,"column":79}},"12":{"start":{"line":28,"column":4},"end":{"line":34,"column":5}},"13":{"start":{"line":29,"column":28},"end":{"line":29,"column":75}},"14":{"start":{"line":30,"column":25},"end":{"line":30,"column":49}},"15":{"start":{"line":31,"column":8},"end":{"line":31,"column":27}},"16":{"start":{"line":33,"column":8},"end":{"line":33,"column":69}},"17":{"start":{"line":37,"column":0},"end":{"line":37,"column":24}}},"fnMap":{"0":{"name":"(anonymous_0)","decl":{"start":{"line":9,"column":16},"end":{"line":9,"column":17}},"loc":{"start":{"line":9,"column":36},"end":{"line":16,"column":1}},"line":9},"1":{"name":"(anonymous_1)","decl":{"start":{"line":21,"column":17},"end":{"line":21,"column":18}},"loc":{"start":{"line":21,"column":37},"end":{"line":35,"column":1}},"line":21}},"branchMap":{"0":{"loc":{"start":{"line":24,"column":4},"end":{"line":26,"column":5}},"type":"if","locations":[{"start":{"line":24,"column":4},"end":{"line":26,"column":5}},{"start":{},"end":{}}],"line":24},"1":{"loc":{"start":{"line":24,"column":8},"end":{"line":24,"column":24}},"type":"binary-expr","locations":[{"start":{"line":24,"column":8},"end":{"line":24,"column":13}},{"start":{"line":24,"column":17},"end":{"line":24,"column":24}}],"line":24}},"s":{"0":1,"1":1,"2":1,"3":1,"4":1,"5":1,"6":1,"7":0,"8":1,"9":2,"10":2,"11":1,"12":1,"13":1,"14":1,"15":1,"16":0,"17":1},"f":{"0":1,"1":2},"b":{"0":[1,1],"1":[2,1]},"_coverageSchema":"1a1c01bbd47fc00a2c39e90264f33305004495a9","hash":"4ce8ee849db81f84ad8ea1a6dd005c4cb8c32ade"}
}
