TN:
SF:models/campaign.js
FNF:0
FNH:0
DA:2,2
DA:3,2
DA:5,2
DA:14,2
DA:19,2
DA:25,2
DA:32,2
LF:7
LH:7
BRF:0
BRH:0
end_of_record
TN:
SF:routes/routes.js
FN:8,(anonymous_0)
FN:20,(anonymous_1)
FN:39,(anonymous_2)
FN:56,(anonymous_3)
FNF:4
FNH:4
FNDA:1,(anonymous_0)
FNDA:2,(anonymous_1)
FNDA:2,(anonymous_2)
FNDA:2,(anonymous_3)
DA:1,1
DA:2,1
DA:3,1
DA:8,1
DA:9,1
DA:10,1
DA:11,1
DA:13,0
DA:20,1
DA:21,2
DA:23,2
DA:24,1
DA:27,1
DA:28,1
DA:29,1
DA:30,1
DA:32,0
DA:39,1
DA:40,2
DA:41,2
DA:42,2
DA:43,1
DA:46,1
DA:47,1
DA:49,0
DA:56,1
DA:57,2
DA:59,2
DA:60,0
DA:63,2
DA:64,2
DA:65,2
DA:66,1
DA:69,1
DA:70,1
DA:71,1
DA:72,1
DA:74,1
DA:75,1
DA:77,0
DA:81,1
LF:41
LH:36
BRDA:23,0,0,1
BRDA:23,0,1,1
BRDA:23,1,0,2
BRDA:23,1,1,1
BRDA:42,2,0,1
BRDA:42,2,1,1
BRDA:59,3,0,0
BRDA:59,3,1,2
BRDA:59,4,0,2
BRDA:59,4,1,2
BRDA:65,5,0,1
BRDA:65,5,1,1
BRF:12
BRH:11
end_of_record
