TN:
SF:models/campaign.js
FNF:0
FNH:0
DA:1,4
DA:2,4
DA:4,4
DA:11,4
LF:4
LH:4
BRF:0
BRH:0
end_of_record
TN:
SF:models/character.js
FNF:0
FNH:0
DA:1,4
DA:2,4
DA:4,4
DA:15,4
LF:4
LH:4
BRF:0
BRH:0
end_of_record
TN:
SF:models/place.js
FNF:0
FNH:0
DA:1,4
DA:2,4
DA:4,4
DA:11,4
LF:4
LH:4
BRF:0
BRH:0
end_of_record
TN:
SF:routes/routes.js
FN:10,(anonymous_0)
FN:22,(anonymous_1)
FN:41,(anonymous_2)
FN:60,(anonymous_3)
FN:79,(anonymous_4)
FN:96,(anonymous_5)
FNF:6
FNH:6
FNDA:1,(anonymous_0)
FNDA:2,(anonymous_1)
FNDA:2,(anonymous_2)
FNDA:2,(anonymous_3)
FNDA:2,(anonymous_4)
FNDA:2,(anonymous_5)
DA:1,3
DA:2,3
DA:3,3
DA:4,3
DA:5,3
DA:10,3
DA:11,1
DA:12,1
DA:13,1
DA:15,0
DA:22,3
DA:23,2
DA:25,2
DA:26,1
DA:29,1
DA:30,1
DA:31,1
DA:32,1
DA:34,0
DA:41,3
DA:42,2
DA:44,2
DA:45,1
DA:48,1
DA:49,1
DA:50,1
DA:51,1
DA:53,0
DA:60,3
DA:61,2
DA:63,2
DA:64,1
DA:67,1
DA:68,1
DA:69,1
DA:70,1
DA:72,0
DA:79,3
DA:80,2
DA:81,2
DA:82,2
DA:83,1
DA:86,1
DA:87,1
DA:89,0
DA:96,3
DA:97,2
DA:99,2
DA:100,0
DA:103,2
DA:104,2
DA:105,2
DA:106,1
DA:109,1
DA:110,1
DA:111,1
DA:112,1
DA:114,1
DA:115,1
DA:117,0
DA:121,3
LF:61
LH:54
BRDA:25,0,0,1
BRDA:25,0,1,1
BRDA:25,1,0,2
BRDA:25,1,1,1
BRDA:44,2,0,1
BRDA:44,2,1,1
BRDA:44,3,0,2
BRDA:44,3,1,1
BRDA:63,4,0,1
BRDA:63,4,1,1
BRDA:63,5,0,2
BRDA:63,5,1,1
BRDA:63,5,2,1
BRDA:63,5,3,1
BRDA:63,5,4,1
BRDA:82,6,0,1
BRDA:82,6,1,1
BRDA:99,7,0,0
BRDA:99,7,1,2
BRDA:99,8,0,2
BRDA:99,8,1,2
BRDA:105,9,0,1
BRDA:105,9,1,1
BRF:23
BRH:22
end_of_record
